# JRE version: OpenJDK Runtime Environment (21.0.2+13) (build 21.0.2+13-58)
# Java VM: OpenJDK 64-Bit Server VM (21.0.2+13-58, mixed mode, sharing, tiered, compressed oops, compressed class ptrs, g1 gc, windows-amd64)
GC Precious Log:
 CardTable entry size: 512
 Card Set container configuration: InlinePtr #cards 4 size 8 Array Of Cards #cards 16 size 48 Howl #buckets 8 coarsen threshold 3686 Howl Bitmap #cards 512 size 80 coarsen threshold 460 Card regions per heap region 1 cards per card region 4096
 CPUs: 8 total, 8 available
 Memory: 16167M
 Large Page Support: Disabled
 NUMA Support: Disabled
 Compressed Oops: Enabled (Zero based)
 Heap Region Size: 2M
 Heap Min Capacity: 8M
 Heap Initial Capacity: 254M
 Heap Max Capacity: 4042M
 Pre-touch: Disabled
 Parallel Workers: 8
 Concurrent Workers: 2
 Concurrent Refinement Workers: 8
 Periodic GC: Disabled
Heap:
 garbage-first heap   total 65536K, used 45829K [0x0000000703600000, 0x0000000800000000)
  region size 2048K, 14 young (28672K), 1 survivors (2048K)
 Metaspace       used 44849K, committed 45504K, reserved 1114112K
  class space    used 5465K, committed 5760K, reserved 1048576K
GC Heap History (20 events):
Event: 6066.493 GC heap before
{Heap before GC invocations=14 (full 0):
 garbage-first heap   total 65536K, used 53622K [0x0000000703600000, 0x0000000800000000)
  region size 2048K, 18 young (36864K), 2 survivors (4096K)
 Metaspace       used 44819K, committed 45440K, reserved 1114112K
  class space    used 5461K, committed 5760K, reserved 1048576K
}
Event: 6066.499 GC heap after
{Heap after GC invocations=15 (full 0):
 garbage-first heap   total 65536K, used 21104K [0x0000000703600000, 0x0000000800000000)
  region size 2048K, 2 young (4096K), 2 survivors (4096K)
 Metaspace       used 44819K, committed 45440K, reserved 1114112K
  class space    used 5461K, committed 5760K, reserved 1048576K
}
Event: 6067.643 GC heap before
{Heap before GC invocations=15 (full 0):
 garbage-first heap   total 65536K, used 53872K [0x0000000703600000, 0x0000000800000000)
  region size 2048K, 18 young (36864K), 2 survivors (4096K)
 Metaspace       used 44824K, committed 45440K, reserved 1114112K
  class space    used 5462K, committed 5760K, reserved 1048576K
}
Event: 6067.649 GC heap after
{Heap after GC invocations=16 (full 0):
 garbage-first heap   total 65536K, used 21188K [0x0000000703600000, 0x0000000800000000)
  region size 2048K, 2 young (4096K), 2 survivors (4096K)
 Metaspace       used 44824K, committed 45440K, reserved 1114112K
  class space    used 5462K, committed 5760K, reserved 1048576K
}
Event: 6068.718 GC heap before
{Heap before GC invocations=16 (full 0):
 garbage-first heap   total 65536K, used 53956K [0x0000000703600000, 0x0000000800000000)
  region size 2048K, 18 young (36864K), 2 survivors (4096K)
 Metaspace       used 44828K, committed 45504K, reserved 1114112K
  class space    used 5462K, committed 5760K, reserved 1048576K
}
Event: 6068.724 GC heap after
{Heap after GC invocations=17 (full 0):
 garbage-first heap   total 65536K, used 21156K [0x0000000703600000, 0x0000000800000000)
  region size 2048K, 2 young (4096K), 2 survivors (4096K)
 Metaspace       used 44828K, committed 45504K, reserved 1114112K
  class space    used 5462K, committed 5760K, reserved 1048576K
}
Event: 6069.751 GC heap before
{Heap before GC invocations=17 (full 0):
 garbage-first heap   total 65536K, used 53924K [0x0000000703600000, 0x0000000800000000)
  region size 2048K, 18 young (36864K), 2 survivors (4096K)
 Metaspace       used 44828K, committed 45504K, reserved 1114112K
  class space    used 5462K, committed 5760K, reserved 1048576K
}
Event: 6069.759 GC heap after
{Heap after GC invocations=18 (full 0):
 garbage-first heap   total 65536K, used 21184K [0x0000000703600000, 0x0000000800000000)
  region size 2048K, 2 young (4096K), 2 survivors (4096K)
 Metaspace       used 44828K, committed 45504K, reserved 1114112K
  class space    used 5462K, committed 5760K, reserved 1048576K
}
Event: 6070.743 GC heap before
{Heap before GC invocations=18 (full 0):
 garbage-first heap   total 65536K, used 53952K [0x0000000703600000, 0x0000000800000000)
  region size 2048K, 18 young (36864K), 2 survivors (4096K)
 Metaspace       used 44828K, committed 45504K, reserved 1114112K
  class space    used 5462K, committed 5760K, reserved 1048576K
}
Event: 6070.748 GC heap after
{Heap after GC invocations=19 (full 0):
 garbage-first heap   total 65536K, used 21046K [0x0000000703600000, 0x0000000800000000)
  region size 2048K, 2 young (4096K), 2 survivors (4096K)
 Metaspace       used 44828K, committed 45504K, reserved 1114112K
  class space    used 5462K, committed 5760K, reserved 1048576K
}
Event: 6071.715 GC heap before
{Heap before GC invocations=19 (full 0):
 garbage-first heap   total 65536K, used 53814K [0x0000000703600000, 0x0000000800000000)
  region size 2048K, 18 young (36864K), 2 survivors (4096K)
 Metaspace       used 44837K, committed 45504K, reserved 1114112K
  class space    used 5463K, committed 5760K, reserved 1048576K
}
Event: 6071.721 GC heap after
{Heap after GC invocations=20 (full 0):
 garbage-first heap   total 65536K, used 21088K [0x0000000703600000, 0x0000000800000000)
  region size 2048K, 2 young (4096K), 2 survivors (4096K)
 Metaspace       used 44837K, committed 45504K, reserved 1114112K
  class space    used 5463K, committed 5760K, reserved 1048576K
}
Event: 6072.589 GC heap before
{Heap before GC invocations=20 (full 0):
 garbage-first heap   total 65536K, used 53856K [0x0000000703600000, 0x0000000800000000)
  region size 2048K, 18 young (36864K), 2 survivors (4096K)
 Metaspace       used 44844K, committed 45504K, reserved 1114112K
  class space    used 5463K, committed 5760K, reserved 1048576K
}
Event: 6072.595 GC heap after
{Heap after GC invocations=21 (full 0):
 garbage-first heap   total 65536K, used 21129K [0x0000000703600000, 0x0000000800000000)
  region size 2048K, 2 young (4096K), 2 survivors (4096K)
 Metaspace       used 44844K, committed 45504K, reserved 1114112K
  class space    used 5463K, committed 5760K, reserved 1048576K
}
Event: 6073.504 GC heap before
{Heap before GC invocations=21 (full 0):
 garbage-first heap   total 65536K, used 53897K [0x0000000703600000, 0x0000000800000000)
  region size 2048K, 18 young (36864K), 2 survivors (4096K)
 Metaspace       used 44844K, committed 45504K, reserved 1114112K
  class space    used 5463K, committed 5760K, reserved 1048576K
}
Event: 6073.511 GC heap after
{Heap after GC invocations=22 (full 0):
 garbage-first heap   total 65536K, used 21091K [0x0000000703600000, 0x0000000800000000)
  region size 2048K, 2 young (4096K), 2 survivors (4096K)
 Metaspace       used 44844K, committed 45504K, reserved 1114112K
  class space    used 5463K, committed 5760K, reserved 1048576K
}
Event: 6074.526 GC heap before
{Heap before GC invocations=22 (full 0):
 garbage-first heap   total 65536K, used 53859K [0x0000000703600000, 0x0000000800000000)
  region size 2048K, 18 young (36864K), 2 survivors (4096K)
 Metaspace       used 44844K, committed 45504K, reserved 1114112K
  class space    used 5463K, committed 5760K, reserved 1048576K
}
Event: 6074.531 GC heap after
{Heap after GC invocations=23 (full 0):
 garbage-first heap   total 65536K, used 21341K [0x0000000703600000, 0x0000000800000000)
  region size 2048K, 2 young (4096K), 2 survivors (4096K)
 Metaspace       used 44844K, committed 45504K, reserved 1114112K
  class space    used 5463K, committed 5760K, reserved 1048576K
}
Event: 6075.456 GC heap before
{Heap before GC invocations=23 (full 0):
 garbage-first heap   total 65536K, used 54109K [0x0000000703600000, 0x0000000800000000)
  region size 2048K, 18 young (36864K), 2 survivors (4096K)
 Metaspace       used 44846K, committed 45504K, reserved 1114112K
  class space    used 5464K, committed 5760K, reserved 1048576K
}
Event: 6075.464 GC heap after
{Heap after GC invocations=24 (full 0):
 garbage-first heap   total 65536K, used 21253K [0x0000000703600000, 0x0000000800000000)
  region size 2048K, 1 young (2048K), 1 survivors (2048K)
 Metaspace       used 44846K, committed 45504K, reserved 1114112K
  class space    used 5464K, committed 5760K, reserved 1048576K
}

